#
# There is insufficient memory for the Java Runtime Environment to continue.
# Native memory allocation (mmap) failed to map 62914560 bytes for G1 virtual space
# Possible reasons:
#   The system is out of physical RAM or swap space
#   The process is running with CompressedOops enabled, and the Java Heap may be blocking the growth of the native heap
# Possible solutions:
#   Reduce memory load on the system
#   Increase physical memory or swap space
#   Check if swap backing store is full
#   Decrease Java heap size (-Xmx/-Xms)
#   Decrease number of Java threads
#   Decrease Java thread stack sizes (-Xss)
#   Set larger code cache with -XX:ReservedCodeCacheSize=
#   JVM is running with Unscaled Compressed Oops mode in which the Java heap is
#     placed in the first 4GB address space. The Java Heap base address is the
#     maximum limit for the native heap growth. Please use -XX:HeapBaseMinAddress
#     to set the Java Heap base and to place the Java Heap above 4GB virtual address.
# This output file may be truncated or incomplete.
#
#  Out of Memory Error (os_windows.cpp:3535), pid=22496, tid=12932
#
# JRE version:  (17.0.3+7) (build )
# Java VM: OpenJDK 64-Bit Server VM (17.0.3+7, mixed mode, sharing, tiered, compressed oops, compressed class ptrs, g1 gc, windows-amd64)
# No core dump will be written. Minidumps are not enabled by default on client versions of Windows
#

---------------  S U M M A R Y ------------

Command Line: -Dfile.encoding=UTF-8 --module-path=C:\sql\mysql-connector-java-8.0.30.jar -XX:+ShowCodeDetailsInExceptionMessages 개인과제.ch2_의지마켓.의지마켓

Host: 11th Gen Intel(R) Core(TM) i3-1115G4 @ 3.00GHz, 4 cores, 3G,  Windows 11 , 64 bit Build 22000 (10.0.22000.708)
Time: Thu Sep 29 00:06:40 2022  Windows 11 , 64 bit Build 22000 (10.0.22000.708) elapsed time: 0.036360 seconds (0d 0h 0m 0s)

---------------  T H R E A D  ---------------

Current thread (0x000001c00ee9ca50):  JavaThread "Unknown thread" [_thread_in_vm, id=12932, stack(0x0000006e30100000,0x0000006e30200000)]

Stack: [0x0000006e30100000,0x0000006e30200000]
Native frames: (J=compiled Java code, j=interpreted, Vv=VM code, C=native code)
V  [jvm.dll+0x675efa]
V  [jvm.dll+0x830a24]
V  [jvm.dll+0x8321ce]
V  [jvm.dll+0x832833]
V  [jvm.dll+0x2454b5]
V  [jvm.dll+0x672de9]
V  [jvm.dll+0x667732]
V  [jvm.dll+0x3043ab]
V  [jvm.dll+0x30b8f6]
V  [jvm.dll+0x35b62e]
V  [jvm.dll+0x35b85f]
V  [jvm.dll+0x2db248]
V  [jvm.dll+0x2dc1b4]
V  [jvm.dll+0x802651]
V  [jvm.dll+0x3693b1]
V  [jvm.dll+0x7e1aac]
V  [jvm.dll+0x3ebd8f]
V  [jvm.dll+0x3ed911]
C  [jli.dll+0x5277]
C  [ucrtbase.dll+0x26c0c]
C  [KERNEL32.DLL+0x154e0]
C  [ntdll.dll+0x485b]


---------------  P R O C E S S  ---------------

Threads class SMR info:
_java_thread_list=0x00007ffe5cee6e98, length=0, elements={
}

Java Threads: ( => current thread )

Other Threads:
  0x000001c00eed7ac0 GCTaskThread "GC Thread#0" [stack: 0x0000006e30200000,0x0000006e30300000] [id=13448]
  0x000001c00eedff00 ConcurrentGCThread "G1 Main Marker" [stack: 0x0000006e30300000,0x0000006e30400000] [id=27084]
  0x000001c00eee1210 ConcurrentGCThread "G1 Conc#0" [stack: 0x0000006e30400000,0x0000006e30500000] [id=28844]

[error occurred during error reporting (printing all threads), id 0xc0000005, EXCEPTION_ACCESS_VIOLATION (0xc0000005) at pc=0x00007ffe5c6bbcd7]

VM state: not at safepoint (not fully initialized)

VM Mutex/Monitor currently owned by a thread:  ([mutex/lock_event])
[0x000001c00ee98fb0] Heap_lock - owner thread: 0x000001c00ee9ca50

Heap address: 0x00000000c5800000, size: 936 MB, Compressed Oops mode: 32-bit

CDS archive(s) mapped at: [0x0000000000000000-0x0000000000000000-0x0000000000000000), size 0, SharedBaseAddress: 0x0000000800000000, ArchiveRelocationMode: 0.
Narrow klass base: 0x0000000000000000, Narrow klass shift: 0, Narrow klass range: 0x0

GC Precious Log:
<Empty>

Heap:
 garbage-first heap   total 0K, used 0K [0x00000000c5800000, 0x0000000100000000)
  region size 1024K, 0 young (0K), 0 survivors (0K)

[error occurred during error reporting (printing heap information), id 0xc0000005, EXCEPTION_ACCESS_VIOLATION (0xc0000005) at pc=0x00007ffe5ca9f249]

GC Heap History (0 events):
No events

Deoptimization events (0 events):
No events

Classes unloaded (0 events):
No events

Classes redefined (0 events):
No events

Internal exceptions (0 events):
No events

VM Operations (0 events):
No events

Events (1 events):
Event: 0.021 Loaded shared library C:\Users\rlaal\.p2\pool\plugins\org.eclipse.justj.openjdk.hotspot.jre.full.win32.x86_64_17.0.3.v20220515-1416\jre\bin\java.dll


Dynamic libraries:
0x00007ff757780000 - 0x00007ff75778e000 	C:\Users\rlaal\.p2\pool\plugins\org.eclipse.justj.openjdk.hotspot.jre.full.win32.x86_64_17.0.3.v20220515-1416\jre\bin\javaw.exe
0x00007ffebf8c0000 - 0x00007ffebfac9000 	C:\WINDOWS\SYSTEM32\ntdll.dll
0x00007ffebf5b0000 - 0x00007ffebf66d000 	C:\WINDOWS\System32\KERNEL32.DLL
0x00007ffebcec0000 - 0x00007ffebd23c000 	C:\WINDOWS\System32\KERNELBASE.dll
0x00007ffebcda0000 - 0x00007ffebceb1000 	C:\WINDOWS\System32\ucrtbase.dll
0x00007ffeb58b0000 - 0x00007ffeb58c8000 	C:\Users\rlaal\.p2\pool\plugins\org.eclipse.justj.openjdk.hotspot.jre.full.win32.x86_64_17.0.3.v20220515-1416\jre\bin\jli.dll
0x00007ffebd910000 - 0x00007ffebdabd000 	C:\WINDOWS\System32\USER32.dll
0x00007ffebd240000 - 0x00007ffebd266000 	C:\WINDOWS\System32\win32u.dll
0x00007ffebf730000 - 0x00007ffebf759000 	C:\WINDOWS\System32\GDI32.dll
0x00007ffebd3d0000 - 0x00007ffebd4e9000 	C:\WINDOWS\System32\gdi32full.dll
0x00007ffebd330000 - 0x00007ffebd3cd000 	C:\WINDOWS\System32\msvcp_win.dll
0x00007ffeb6a70000 - 0x00007ffeb6a89000 	C:\Users\rlaal\.p2\pool\plugins\org.eclipse.justj.openjdk.hotspot.jre.full.win32.x86_64_17.0.3.v20220515-1416\jre\bin\VCRUNTIME140.dll
0x00007ffe9bcb0000 - 0x00007ffe9bf55000 	C:\WINDOWS\WinSxS\amd64_microsoft.windows.common-controls_6595b64144ccf1df_6.0.22000.120_none_9d947278b86cc467\COMCTL32.dll
0x00007ffebe2b0000 - 0x00007ffebe353000 	C:\WINDOWS\System32\msvcrt.dll
0x00007ffebdbc0000 - 0x00007ffebdbf1000 	C:\WINDOWS\System32\IMM32.DLL
0x00007ffeb6b60000 - 0x00007ffeb6b6c000 	C:\Users\rlaal\.p2\pool\plugins\org.eclipse.justj.openjdk.hotspot.jre.full.win32.x86_64_17.0.3.v20220515-1416\jre\bin\vcruntime140_1.dll
0x00007ffead740000 - 0x00007ffead7d1000 	C:\Users\rlaal\.p2\pool\plugins\org.eclipse.justj.openjdk.hotspot.jre.full.win32.x86_64_17.0.3.v20220515-1416\jre\bin\msvcp140.dll
0x00007ffe5c3d0000 - 0x00007ffe5d018000 	C:\Users\rlaal\.p2\pool\plugins\org.eclipse.justj.openjdk.hotspot.jre.full.win32.x86_64_17.0.3.v20220515-1416\jre\bin\server\jvm.dll
0x00007ffebdfd0000 - 0x00007ffebe07e000 	C:\WINDOWS\System32\ADVAPI32.dll
0x00007ffebdac0000 - 0x00007ffebdb5e000 	C:\WINDOWS\System32\sechost.dll
0x00007ffebf760000 - 0x00007ffebf880000 	C:\WINDOWS\System32\RPCRT4.dll
0x00007ffebf670000 - 0x00007ffebf678000 	C:\WINDOWS\System32\PSAPI.DLL
0x00007ffeb5760000 - 0x00007ffeb5793000 	C:\WINDOWS\SYSTEM32\WINMM.dll
0x00007ffeb6b10000 - 0x00007ffeb6b1a000 	C:\WINDOWS\SYSTEM32\VERSION.dll
0x00007ffeb6ad0000 - 0x00007ffeb6ad9000 	C:\WINDOWS\SYSTEM32\WSOCK32.dll
0x00007ffebe0f0000 - 0x00007ffebe15f000 	C:\WINDOWS\System32\WS2_32.dll
0x00007ffebbf80000 - 0x00007ffebbf98000 	C:\WINDOWS\SYSTEM32\kernel.appcore.dll
0x00007ffeb6b30000 - 0x00007ffeb6b3a000 	C:\Users\rlaal\.p2\pool\plugins\org.eclipse.justj.openjdk.hotspot.jre.full.win32.x86_64_17.0.3.v20220515-1416\jre\bin\jimage.dll
0x00007ffeba8c0000 - 0x00007ffebaae1000 	C:\WINDOWS\SYSTEM32\DBGHELP.DLL
0x00007ffeadfb0000 - 0x00007ffeadfe1000 	C:\WINDOWS\SYSTEM32\dbgcore.DLL
0x00007ffebd660000 - 0x00007ffebd6df000 	C:\WINDOWS\System32\bcryptPrimitives.dll
0x00007ffe9d9b0000 - 0x00007ffe9d9d5000 	C:\Users\rlaal\.p2\pool\plugins\org.eclipse.justj.openjdk.hotspot.jre.full.win32.x86_64_17.0.3.v20220515-1416\jre\bin\java.dll

dbghelp: loaded successfully - version: 4.0.5 - missing functions: none
symbol engine: initialized successfully - sym options: 0x614 - pdb path: .;C:\Users\rlaal\.p2\pool\plugins\org.eclipse.justj.openjdk.hotspot.jre.full.win32.x86_64_17.0.3.v20220515-1416\jre\bin;C:\WINDOWS\SYSTEM32;C:\WINDOWS\WinSxS\amd64_microsoft.windows.common-controls_6595b64144ccf1df_6.0.22000.120_none_9d947278b86cc467;C:\Users\rlaal\.p2\pool\plugins\org.eclipse.justj.openjdk.hotspot.jre.full.win32.x86_64_17.0.3.v20220515-1416\jre\bin\server

VM Arguments:
jvm_args: -Dfile.encoding=UTF-8 --module-path=C:\sql\mysql-connector-java-8.0.30.jar -XX:+ShowCodeDetailsInExceptionMessages 
java_command: 개인과제.ch2_의지마켓.의지마켓
java_class_path (initial): C:\Users\rlaal\git\web-\backend\src
Launcher Type: SUN_STANDARD

[Global flags]
     intx CICompilerCount                          = 3                                         {product} {ergonomic}
     uint ConcGCThreads                            = 1                                         {product} {ergonomic}
     uint G1ConcRefinementThreads                  = 4                                         {product} {ergonomic}
   size_t G1HeapRegionSize                         = 1048576                                   {product} {ergonomic}
    uintx GCDrainStackTargetSize                   = 64                                        {product} {ergonomic}
   size_t InitialHeapSize                          = 62914560                                  {product} {ergonomic}
   size_t MarkStackSize                            = 4194304                                   {product} {ergonomic}
   size_t MaxHeapSize                              = 981467136                                 {product} {ergonomic}
   size_t MinHeapDeltaBytes                        = 1048576                                   {product} {ergonomic}
   size_t MinHeapSize                              = 8388608                                   {product} {ergonomic}
    uintx NonNMethodCodeHeapSize                   = 5832780                                {pd product} {ergonomic}
    uintx NonProfiledCodeHeapSize                  = 122912730                              {pd product} {ergonomic}
    uintx ProfiledCodeHeapSize                     = 122912730                              {pd product} {ergonomic}
    uintx ReservedCodeCacheSize                    = 251658240                              {pd product} {ergonomic}
     bool SegmentedCodeCache                       = true                                      {product} {ergonomic}
     bool ShowCodeDetailsInExceptionMessages       = true                                   {manageable} {command line}
   size_t SoftMaxHeapSize                          = 981467136                              {manageable} {ergonomic}
     bool UseCompressedClassPointers               = true                           {product lp64_product} {ergonomic}
     bool UseCompressedOops                        = true                           {product lp64_product} {ergonomic}
     bool UseG1GC                                  = true                                      {product} {ergonomic}
     bool UseLargePagesIndividualAllocation        = false                                  {pd product} {ergonomic}

Logging:
Log output configuration:
 #0: stdout all=warning uptime,level,tags
 #1: stderr all=off uptime,level,tags

Environment Variables:
PATH=C:/Users/rlaal/.p2/pool/plugins/org.eclipse.justj.openjdk.hotspot.jre.full.win32.x86_64_17.0.3.v20220515-1416/jre/bin/server;C:/Users/rlaal/.p2/pool/plugins/org.eclipse.justj.openjdk.hotspot.jre.full.win32.x86_64_17.0.3.v20220515-1416/jre/bin;C:\WINDOWS\system32;C:\WINDOWS;C:\WINDOWS\System32\Wbem;C:\WINDOWS\System32\WindowsPowerShell\v1.0\;C:\WINDOWS\System32\OpenSSH\;C:\Users\rlaal\AppData\Local\Microsoft\WindowsApps;;C:\Users\rlaal\OneDrive\바탕 화면;
USERNAME=김경주
OS=Windows_NT
PROCESSOR_IDENTIFIER=Intel64 Family 6 Model 140 Stepping 1, GenuineIntel



---------------  S Y S T E M  ---------------

OS:
 Windows 11 , 64 bit Build 22000 (10.0.22000.708)
OS uptime: 14 days 18:53 hours

CPU: total 4 (initial active 4) (2 cores per cpu, 2 threads per core) family 6 model 140 stepping 1 microcode 0x9a, cx8, cmov, fxsr, ht, mmx, 3dnowpref, sse, sse2, sse3, ssse3, sse4.1, sse4.2, popcnt, lzcnt, tsc, tscinvbit, avx, avx2, aes, erms, clmul, bmi1, bmi2, adx, avx512f, avx512dq, avx512cd, avx512bw, avx512vl, sha, fma, vzeroupper, avx512_vpopcntdq, avx512_vpclmulqdq, avx512_vaes, avx512_vnni, clflush, clflushopt, clwb, avx512_vbmi2, avx512_vbmi

Memory: 4k page, system-wide physical 3738M (222M free)
TotalPageFile size 15002M (AvailPageFile size 57M)
current process WorkingSet (physical memory assigned to process): 10M, peak: 10M
current process commit charge ("private bytes"): 51M, peak: 111M

vm_info: OpenJDK 64-Bit Server VM (17.0.3+7) for windows-amd64 JRE (17.0.3+7), built on Apr 19 2022 16:55:35 by "" with MS VC++ 16.7 (VS2019)

END.
